[04-Dec-2021 22:42:09] NOTICE: Terminating ...
[04-Dec-2021 22:42:09] NOTICE: exiting, bye-bye!
[05-Dec-2021 20:22:26] NOTICE: fpm is running, pid 1
[05-Dec-2021 20:22:26] NOTICE: ready to handle connections
[05-Dec-2021 20:22:26] NOTICE: systemd monitor interval set to 10000ms
[05-Dec-2021 23:09:06] NOTICE: Terminating ...
[05-Dec-2021 23:09:06] NOTICE: exiting, bye-bye!
[05-Dec-2021 23:24:48] NOTICE: fpm is running, pid 1
[05-Dec-2021 23:24:48] NOTICE: ready to handle connections
[05-Dec-2021 23:24:48] NOTICE: systemd monitor interval set to 10000ms
[06-Dec-2021 23:20:42] NOTICE: fpm is running, pid 1
[06-Dec-2021 23:20:42] NOTICE: ready to handle connections
[06-Dec-2021 23:20:42] NOTICE: systemd monitor interval set to 10000ms
[06-Dec-2021 23:23:21] NOTICE: Terminating ...
[06-Dec-2021 23:23:21] NOTICE: exiting, bye-bye!
[06-Dec-2021 23:23:35] NOTICE: fpm is running, pid 1
[06-Dec-2021 23:23:35] NOTICE: ready to handle connections
[06-Dec-2021 23:23:35] NOTICE: systemd monitor interval set to 10000ms
[07-Dec-2021 09:11:18] NOTICE: fpm is running, pid 1
[07-Dec-2021 09:11:18] NOTICE: ready to handle connections
[07-Dec-2021 09:11:18] NOTICE: systemd monitor interval set to 10000ms
